optseq2
$Id: optseq2.c,v 2.15 2009/05/26 18:13:45 greve Exp $
NoSearch  = 0
nSearch  = 10000
nKeep    = 25
PctUpdate  = 10.000000
nCB1Opt  = 0
seed     = 802036
Ntp  = 375
TR   = 1.2
TPreScan   = 0
PSD Window   = 0 24 1.2
nEvTypes = 5
EvNo    Label Duration nRepsNom
 1         HW  6.000   10
 2         LW  6.000   10
 3          N  6.000   10
 4         HL  6.000   10
 5         LL  6.000   10
PctVarEvReps = 0
VarEvRepsPerCond = 0
PolyOrder = -1
tNullMax = -1
tNullMin = 0
AR1 = 0
No refractory penalty
Cost = eff
OutStem = cardmid
Summary File = cardmid.sum

Pct nSrch MinSrch Cost Eff Cb1Err VRFAvg VRFStd VRFMin VRFMax VRFRange nSince

BeginUpdateLog
 0       1     0.0   0.0707889  0.0707889  0.4600  7.12327  0.540412  5.66456  8.02711  2.36254 2417.36 0
 0      67     0.0   0.074848  0.074848  0.4600  7.49857  0.320805  6.73064  8.26238  1.53174 2406.83 0
 0      67     0.0   0.074848  0.074848  0.4600  7.49857  0.320805  6.73064  8.26238  1.53174 2406.83 0
 0      78     0.0   0.074848  0.074848  0.4600  7.49857  0.320805  6.73064  8.26238  1.53174 2406.83 0
 0      78     0.0   0.074848  0.074848  0.4600  7.49857  0.320805  6.73064  8.26238  1.53174 2406.83 0
 0      83     0.0   0.074848  0.074848  0.4600  7.49857  0.320805  6.73064  8.26238  1.53174 2406.83 1
 0      83     0.0   0.074848  0.074848  0.4600  7.49857  0.320805  6.73064  8.26238  1.53174 2406.83 0
 0      87     0.0   0.074848  0.074848  0.4600  7.49857  0.320805  6.73064  8.26238  1.53174 2406.83 2
 0      87     0.0   0.074848  0.074848  0.4600  7.49857  0.320805  6.73064  8.26238  1.53174 2406.83 0
 0      89     0.0   0.074848  0.074848  0.4600  7.49857  0.320805  6.73064  8.26238  1.53174 2406.83 0
 0      89     0.0   0.074848  0.074848  0.4600  7.49857  0.320805  6.73064  8.26238  1.53174 2406.83 0
 0      93     0.0   0.074848  0.074848  0.4600  7.49857  0.320805  6.73064  8.26238  1.53174 2406.83 1
 0      93     0.0   0.074848  0.074848  0.4600  7.49857  0.320805  6.73064  8.26238  1.53174 2406.83 0
 0      94     0.0   0.074848  0.074848  0.4600  7.49857  0.320805  6.73064  8.26238  1.53174 2406.83 0
 0      94     0.0   0.074848  0.074848  0.4600  7.49857  0.320805  6.73064  8.26238  1.53174 2406.83 0
 0     101     0.0   0.074848  0.074848  0.4600  7.49857  0.320805  6.73064  8.26238  1.53174 2406.83 1
 0     101     0.0   0.074848  0.074848  0.4600  7.49857  0.320805  6.73064  8.26238  1.53174 2406.83 0
 1     102     0.0   0.074848  0.074848  0.4600  7.49857  0.320805  6.73064  8.26238  1.53174 2406.83 0
 1     102     0.0   0.074848  0.074848  0.4600  7.49857  0.320805  6.73064  8.26238  1.53174 2406.83 0
 1     105     0.0   0.074848  0.074848  0.4600  7.49857  0.320805  6.73064  8.26238  1.53174 2406.83 0
 1     105     0.0   0.074848  0.074848  0.4600  7.49857  0.320805  6.73064  8.26238  1.53174 2406.83 0
 1     111     0.0   0.074848  0.074848  0.4600  7.49857  0.320805  6.73064  8.26238  1.53174 2406.83 1
 1     111     0.0   0.074848  0.074848  0.4600  7.49857  0.320805  6.73064  8.26238  1.53174 2406.83 0
 1     113     0.0   0.074848  0.074848  0.4600  7.49857  0.320805  6.73064  8.26238  1.53174 2406.83 0
 1     113     0.0   0.074848  0.074848  0.4600  7.49857  0.320805  6.73064  8.26238  1.53174 2406.83 0
 1     114     0.0   0.074848  0.074848  0.4600  7.49857  0.320805  6.73064  8.26238  1.53174 2406.83 0
 1     114     0.0   0.074848  0.074848  0.4600  7.49857  0.320805  6.73064  8.26238  1.53174 2406.83 0
 1     129     0.0   0.074848  0.074848  0.4600  7.49857  0.320805  6.73064  8.26238  1.53174 2406.83 5
 1     129     0.0   0.074848  0.074848  0.4600  7.49857  0.320805  6.73064  8.26238  1.53174 2406.83 0
 1     130     0.0   0.074848  0.074848  0.4600  7.49857  0.320805  6.73064  8.26238  1.53174 2406.83 0
 1     130     0.0   0.074848  0.074848  0.4600  7.49857  0.320805  6.73064  8.26238  1.53174 2406.83 0
 1     136     0.0   0.074848  0.074848  0.4600  7.49857  0.320805  6.73064  8.26238  1.53174 2406.83 0
 1     136     0.0   0.074848  0.074848  0.4600  7.49857  0.320805  6.73064  8.26238  1.53174 2406.83 0
 1     144     0.0   0.074848  0.074848  0.4600  7.49857  0.320805  6.73064  8.26238  1.53174 2406.83 1
 1     144     0.0   0.074848  0.074848  0.4600  7.49857  0.320805  6.73064  8.26238  1.53174 2406.83 0
 1     146     0.0   0.074848  0.074848  0.4600  7.49857  0.320805  6.73064  8.26238  1.53174 2406.83 1
 1     146     0.0   0.074848  0.074848  0.4600  7.49857  0.320805  6.73064  8.26238  1.53174 2406.83 0
 1     152     0.0   0.074848  0.074848  0.4600  7.49857  0.320805  6.73064  8.26238  1.53174 2406.83 0
 1     152     0.0   0.074848  0.074848  0.4600  7.49857  0.320805  6.73064  8.26238  1.53174 2406.83 0
 1     155     0.0   0.074848  0.074848  0.4600  7.49857  0.320805  6.73064  8.26238  1.53174 2406.83 1
 1     155     0.0   0.074848  0.074848  0.4600  7.49857  0.320805  6.73064  8.26238  1.53174 2406.83 0
 1     168     0.0   0.074848  0.074848  0.4600  7.49857  0.320805  6.73064  8.26238  1.53174 2406.83 2
 1     168     0.0   0.074848  0.074848  0.4600  7.49857  0.320805  6.73064  8.26238  1.53174 2406.83 0
 1     194     0.0   0.074848  0.074848  0.4600  7.49857  0.320805  6.73064  8.26238  1.53174 2406.83 6
 1     194     0.0   0.074848  0.074848  0.4600  7.49857  0.320805  6.73064  8.26238  1.53174 2406.83 0
 1     198     0.0   0.074848  0.074848  0.4600  7.49857  0.320805  6.73064  8.26238  1.53174 2406.83 0
 1     198     0.0   0.074848  0.074848  0.4600  7.49857  0.320805  6.73064  8.26238  1.53174 2406.83 0
 2     209     0.0   0.074848  0.074848  0.4600  7.49857  0.320805  6.73064  8.26238  1.53174 2406.83 2
 2     209     0.0   0.074848  0.074848  0.4600  7.49857  0.320805  6.73064  8.26238  1.53174 2406.83 0
 2     230     0.1   0.074848  0.074848  0.4600  7.49857  0.320805  6.73064  8.26238  1.53174 2406.83 6
 2     230     0.1   0.074848  0.074848  0.4600  7.49857  0.320805  6.73064  8.26238  1.53174 2406.83 0
 2     247     0.1   0.074848  0.074848  0.4600  7.49857  0.320805  6.73064  8.26238  1.53174 2406.83 6
 2     247     0.1   0.074848  0.074848  0.4600  7.49857  0.320805  6.73064  8.26238  1.53174 2406.83 0
 2     253     0.1   0.074848  0.074848  0.4600  7.49857  0.320805  6.73064  8.26238  1.53174 2406.83 2
 2     253     0.1   0.074848  0.074848  0.4600  7.49857  0.320805  6.73064  8.26238  1.53174 2406.83 0
 2     264     0.1   0.074848  0.074848  0.4600  7.49857  0.320805  6.73064  8.26238  1.53174 2406.83 3
 2     264     0.1   0.074848  0.074848  0.4600  7.49857  0.320805  6.73064  8.26238  1.53174 2406.83 0
 2     267     0.1   0.074848  0.074848  0.4600  7.49857  0.320805  6.73064  8.26238  1.53174 2406.83 1
 2     267     0.1   0.074848  0.074848  0.4600  7.49857  0.320805  6.73064  8.26238  1.53174 2406.83 0
 2     269     0.1   0.074848  0.074848  0.4600  7.49857  0.320805  6.73064  8.26238  1.53174 2406.83 1
 2     269     0.1   0.074848  0.074848  0.4600  7.49857  0.320805  6.73064  8.26238  1.53174 2406.83 0
 2     271     0.1   0.074848  0.074848  0.4600  7.49857  0.320805  6.73064  8.26238  1.53174 2406.83 0
 2     271     0.1   0.074848  0.074848  0.4600  7.49857  0.320805  6.73064  8.26238  1.53174 2406.83 0
 2     273     0.1   0.074848  0.074848  0.4600  7.49857  0.320805  6.73064  8.26238  1.53174 2406.83 0
 2     273     0.1   0.074848  0.074848  0.4600  7.49857  0.320805  6.73064  8.26238  1.53174 2406.83 0
 2     285     0.1   0.074848  0.074848  0.4600  7.49857  0.320805  6.73064  8.26238  1.53174 2406.83 4
 2     285     0.1   0.074848  0.074848  0.4600  7.49857  0.320805  6.73064  8.26238  1.53174 2406.83 0
 2     287     0.1   0.074848  0.074848  0.4600  7.49857  0.320805  6.73064  8.26238  1.53174 2406.83 0
 2     287     0.1   0.074848  0.074848  0.4600  7.49857  0.320805  6.73064  8.26238  1.53174 2406.83 0
 3     326     0.1   0.074848  0.074848  0.4600  7.49857  0.320805  6.73064  8.26238  1.53174 2406.83 8
 3     326     0.1   0.074848  0.074848  0.4600  7.49857  0.320805  6.73064  8.26238  1.53174 2406.83 0
 3     334     0.1   0.074848  0.074848  0.4600  7.49857  0.320805  6.73064  8.26238  1.53174 2406.83 4
 3     334     0.1   0.074848  0.074848  0.4600  7.49857  0.320805  6.73064  8.26238  1.53174 2406.83 0
 3     336     0.1   0.074848  0.074848  0.4600  7.49857  0.320805  6.73064  8.26238  1.53174 2406.83 1
 3     336     0.1   0.074848  0.074848  0.4600  7.49857  0.320805  6.73064  8.26238  1.53174 2406.83 0
 3     342     0.1   0.074848  0.074848  0.4600  7.49857  0.320805  6.73064  8.26238  1.53174 2406.83 0
 3     342     0.1   0.074848  0.074848  0.4600  7.49857  0.320805  6.73064  8.26238  1.53174 2406.83 0
 3     362     0.1   0.074848  0.074848  0.4600  7.49857  0.320805  6.73064  8.26238  1.53174 2406.83 7
 3     362     0.1   0.074848  0.074848  0.4600  7.49857  0.320805  6.73064  8.26238  1.53174 2406.83 0
 3     381     0.1   0.074848  0.074848  0.4600  7.49857  0.320805  6.73064  8.26238  1.53174 2406.83 8
 3     381     0.1   0.074848  0.074848  0.4600  7.49857  0.320805  6.73064  8.26238  1.53174 2406.83 0
 3     400     0.1   0.074848  0.074848  0.4600  7.49857  0.320805  6.73064  8.26238  1.53174 2406.83 12
 3     400     0.1   0.0749147  0.0749147  0.4600  7.51523  0.412014  6.16435  8.22543  2.06108 2378.91 0
 4     402     0.1   0.0749147  0.0749147  0.4600  7.51523  0.412014  6.16435  8.22543  2.06108 2378.91 1
 4     402     0.1   0.0749147  0.0749147  0.4600  7.51523  0.412014  6.16435  8.22543  2.06108 2378.91 0
 4     404     0.1   0.0749147  0.0749147  0.4600  7.51523  0.412014  6.16435  8.22543  2.06108 2378.91 0
 4     404     0.1   0.0749147  0.0749147  0.4600  7.51523  0.412014  6.16435  8.22543  2.06108 2378.91 0
 4     419     0.1   0.0749147  0.0749147  0.4600  7.51523  0.412014  6.16435  8.22543  2.06108 2378.91 7
 4     419     0.1   0.0749466  0.0749466  0.4200  7.52389  0.467771  6.61798  8.45213  1.83415 2337.24 0
 4     432     0.1   0.0749466  0.0749466  0.4200  7.52389  0.467771  6.61798  8.45213  1.83415 2337.24 3
 4     432     0.1   0.0750147  0.0750147  0.4600  7.51949  0.357504  6.30105  8.10808  1.80703 2435.3 0
 4     433     0.1   0.0750147  0.0750147  0.4600  7.51949  0.357504  6.30105  8.10808  1.80703 2435.3 0
 4     433     0.1   0.0750147  0.0750147  0.4600  7.51949  0.357504  6.30105  8.10808  1.80703 2435.3 0
 4     448     0.1   0.0750147  0.0750147  0.4600  7.51949  0.357504  6.30105  8.10808  1.80703 2435.3 2
 4     448     0.1   0.0750147  0.0750147  0.4600  7.51949  0.357504  6.30105  8.10808  1.80703 2435.3 0
 5     506     0.1   0.0750147  0.0750147  0.4600  7.51949  0.357504  6.30105  8.10808  1.80703 2435.3 15
 5     506     0.1   0.0750147  0.0750147  0.4600  7.51949  0.357504  6.30105  8.10808  1.80703 2435.3 0
 5     544     0.1   0.0750147  0.0750147  0.4600  7.51949  0.357504  6.30105  8.10808  1.80703 2435.3 14
 5     544     0.1   0.0750147  0.0750147  0.4600  7.51949  0.357504  6.30105  8.10808  1.80703 2435.3 0
 5     559     0.1   0.0750147  0.0750147  0.4600  7.51949  0.357504  6.30105  8.10808  1.80703 2435.3 6
 5     559     0.1   0.0750147  0.0750147  0.4600  7.51949  0.357504  6.30105  8.10808  1.80703 2435.3 0
 5     560     0.1   0.0750147  0.0750147  0.4600  7.51949  0.357504  6.30105  8.10808  1.80703 2435.3 0
 5     560     0.1   0.0750147  0.0750147  0.4600  7.51949  0.357504  6.30105  8.10808  1.80703 2435.3 0
 5     564     0.1   0.0750147  0.0750147  0.4600  7.51949  0.357504  6.30105  8.10808  1.80703 2435.3 1
 5     564     0.1   0.0750147  0.0750147  0.4600  7.51949  0.357504  6.30105  8.10808  1.80703 2435.3 0
 6     650     0.1   0.0750147  0.0750147  0.4600  7.51949  0.357504  6.30105  8.10808  1.80703 2435.3 30
 6     650     0.1   0.0750147  0.0750147  0.4600  7.51949  0.357504  6.30105  8.10808  1.80703 2435.3 0
 7     703     0.1   0.0750147  0.0750147  0.4600  7.51949  0.357504  6.30105  8.10808  1.80703 2435.3 21
 7     703     0.1   0.0750147  0.0750147  0.4600  7.51949  0.357504  6.30105  8.10808  1.80703 2435.3 0
 7     736     0.1   0.0750147  0.0750147  0.4600  7.51949  0.357504  6.30105  8.10808  1.80703 2435.3 8
 7     736     0.1   0.0752871  0.0752871  0.3800  7.55722  0.446164  6.3609  8.33382  1.97293 2316.76 0
 7     799     0.1   0.0752871  0.0752871  0.3800  7.55722  0.446164  6.3609  8.33382  1.97293 2316.76 18
 7     799     0.1   0.0752871  0.0752871  0.3800  7.55722  0.446164  6.3609  8.33382  1.97293 2316.76 0
 8     855     0.1   0.0752871  0.0752871  0.3800  7.55722  0.446164  6.3609  8.33382  1.97293 2316.76 21
 8     855     0.1   0.0752871  0.0752871  0.3800  7.55722  0.446164  6.3609  8.33382  1.97293 2316.76 0
 8     889     0.2   0.0752871  0.0752871  0.3800  7.55722  0.446164  6.3609  8.33382  1.97293 2316.76 12
 8     889     0.2   0.0754365  0.0754365  0.4200  7.56056  0.350104  6.39383  8.35977  1.96594 2328.29 0
10    1047     0.2   0.0754365  0.0754365  0.4200  7.56056  0.350104  6.39383  8.35977  1.96594 2328.29 58
10    1047     0.2   0.0754365  0.0754365  0.4200  7.56056  0.350104  6.39383  8.35977  1.96594 2328.29 0
10    1063     0.2   0.0754365  0.0754365  0.4200  7.56056  0.350104  6.39383  8.35977  1.96594 2328.29 8
10    1063     0.2   0.0766604  0.0766604  0.3800  7.68213  0.346154  6.78714  8.20501  1.41787 2346.03 0
10    1095     0.2   0.0766604  0.0766604  0.3800  7.68213  0.346154  6.78714  8.20501  1.41787 2346.03 11
10    1095     0.2   0.0766604  0.0766604  0.3800  7.68213  0.346154  6.78714  8.20501  1.41787 2346.03 0
11    1100     0.2   0.0766604  0.0766604  0.3800  7.68213  0.346154  6.78714  8.20501  1.41787 2346.03 1
11    1137     0.2   0.0766604  0.0766604  0.3800  7.68213  0.346154  6.78714  8.20501  1.41787 2346.03 11
11    1137     0.2   0.0766604  0.0766604  0.3800  7.68213  0.346154  6.78714  8.20501  1.41787 2346.03 0
11    1143     0.2   0.0766604  0.0766604  0.3800  7.68213  0.346154  6.78714  8.20501  1.41787 2346.03 2
11    1143     0.2   0.0766604  0.0766604  0.3800  7.68213  0.346154  6.78714  8.20501  1.41787 2346.03 0
11    1160     0.2   0.0766604  0.0766604  0.3800  7.68213  0.346154  6.78714  8.20501  1.41787 2346.03 3
11    1160     0.2   0.0766604  0.0766604  0.3800  7.68213  0.346154  6.78714  8.20501  1.41787 2346.03 0
12    1248     0.2   0.0766604  0.0766604  0.3800  7.68213  0.346154  6.78714  8.20501  1.41787 2346.03 31
12    1248     0.2   0.0766604  0.0766604  0.3800  7.68213  0.346154  6.78714  8.20501  1.41787 2346.03 0
12    1287     0.2   0.0766604  0.0766604  0.3800  7.68213  0.346154  6.78714  8.20501  1.41787 2346.03 17
12    1287     0.2   0.0766604  0.0766604  0.3800  7.68213  0.346154  6.78714  8.20501  1.41787 2346.03 0
13    1312     0.2   0.0766604  0.0766604  0.3800  7.68213  0.346154  6.78714  8.20501  1.41787 2346.03 3
13    1312     0.2   0.0766604  0.0766604  0.3800  7.68213  0.346154  6.78714  8.20501  1.41787 2346.03 0
13    1339     0.2   0.0766604  0.0766604  0.3800  7.68213  0.346154  6.78714  8.20501  1.41787 2346.03 10
13    1339     0.2   0.0766604  0.0766604  0.3800  7.68213  0.346154  6.78714  8.20501  1.41787 2346.03 0
13    1345     0.2   0.0766604  0.0766604  0.3800  7.68213  0.346154  6.78714  8.20501  1.41787 2346.03 1
13    1345     0.2   0.0766604  0.0766604  0.3800  7.68213  0.346154  6.78714  8.20501  1.41787 2346.03 0
14    1471     0.2   0.0766604  0.0766604  0.3800  7.68213  0.346154  6.78714  8.20501  1.41787 2346.03 47
14    1471     0.2   0.0766604  0.0766604  0.3800  7.68213  0.346154  6.78714  8.20501  1.41787 2346.03 0
15    1510     0.2   0.0766604  0.0766604  0.3800  7.68213  0.346154  6.78714  8.20501  1.41787 2346.03 17
15    1510     0.2   0.0766604  0.0766604  0.3800  7.68213  0.346154  6.78714  8.20501  1.41787 2346.03 0
15    1587     0.3   0.0766604  0.0766604  0.3800  7.68213  0.346154  6.78714  8.20501  1.41787 2346.03 37
15    1587     0.3   0.0766604  0.0766604  0.3800  7.68213  0.346154  6.78714  8.20501  1.41787 2346.03 0
16    1651     0.3   0.0766604  0.0766604  0.3800  7.68213  0.346154  6.78714  8.20501  1.41787 2346.03 19
16    1651     0.3   0.0766604  0.0766604  0.3800  7.68213  0.346154  6.78714  8.20501  1.41787 2346.03 0
16    1696     0.3   0.0766604  0.0766604  0.3800  7.68213  0.346154  6.78714  8.20501  1.41787 2346.03 10
16    1696     0.3   0.0766604  0.0766604  0.3800  7.68213  0.346154  6.78714  8.20501  1.41787 2346.03 0
16    1707     0.3   0.0766604  0.0766604  0.3800  7.68213  0.346154  6.78714  8.20501  1.41787 2346.03 1
16    1707     0.3   0.0766604  0.0766604  0.3800  7.68213  0.346154  6.78714  8.20501  1.41787 2346.03 0
17    1737     0.3   0.0766604  0.0766604  0.3800  7.68213  0.346154  6.78714  8.20501  1.41787 2346.03 9
17    1737     0.3   0.0766604  0.0766604  0.3800  7.68213  0.346154  6.78714  8.20501  1.41787 2346.03 0
21    2130     0.3   0.0766604  0.0766604  0.3800  7.68213  0.346154  6.78714  8.20501  1.41787 2346.03 140
21    2130     0.3   0.0766604  0.0766604  0.3800  7.68213  0.346154  6.78714  8.20501  1.41787 2346.03 0
21    2149     0.4   0.0766604  0.0766604  0.3800  7.68213  0.346154  6.78714  8.20501  1.41787 2346.03 5
21    2149     0.4   0.0766604  0.0766604  0.3800  7.68213  0.346154  6.78714  8.20501  1.41787 2346.03 0
22    2204     0.4   0.0766604  0.0766604  0.3800  7.68213  0.346154  6.78714  8.20501  1.41787 2346.03 14
24    2450     0.4   0.0766604  0.0766604  0.3800  7.68213  0.346154  6.78714  8.20501  1.41787 2346.03 100
24    2450     0.4   0.0766604  0.0766604  0.3800  7.68213  0.346154  6.78714  8.20501  1.41787 2346.03 0
24    2490     0.4   0.0766604  0.0766604  0.3800  7.68213  0.346154  6.78714  8.20501  1.41787 2346.03 12
24    2490     0.4   0.0766604  0.0766604  0.3800  7.68213  0.346154  6.78714  8.20501  1.41787 2346.03 0
25    2548     0.4   0.0766604  0.0766604  0.3800  7.68213  0.346154  6.78714  8.20501  1.41787 2346.03 21
25    2548     0.4   0.0766604  0.0766604  0.3800  7.68213  0.346154  6.78714  8.20501  1.41787 2346.03 0
26    2639     0.4   0.0766604  0.0766604  0.3800  7.68213  0.346154  6.78714  8.20501  1.41787 2346.03 34
26    2639     0.4   0.0766604  0.0766604  0.3800  7.68213  0.346154  6.78714  8.20501  1.41787 2346.03 0
28    2814     0.5   0.0766604  0.0766604  0.3800  7.68213  0.346154  6.78714  8.20501  1.41787 2346.03 53
28    2814     0.5   0.0766604  0.0766604  0.3800  7.68213  0.346154  6.78714  8.20501  1.41787 2346.03 0
29    2929     0.5   0.0766604  0.0766604  0.3800  7.68213  0.346154  6.78714  8.20501  1.41787 2346.03 43
29    2929     0.5   0.0766604  0.0766604  0.3800  7.68213  0.346154  6.78714  8.20501  1.41787 2346.03 0
29    2951     0.5   0.0766604  0.0766604  0.3800  7.68213  0.346154  6.78714  8.20501  1.41787 2346.03 8
29    2951     0.5   0.0766604  0.0766604  0.3800  7.68213  0.346154  6.78714  8.20501  1.41787 2346.03 0
31    3167     0.5   0.0766604  0.0766604  0.3800  7.68213  0.346154  6.78714  8.20501  1.41787 2346.03 77
31    3167     0.5   0.0766604  0.0766604  0.3800  7.68213  0.346154  6.78714  8.20501  1.41787 2346.03 0
33    3304     0.5   0.0766604  0.0766604  0.3800  7.68213  0.346154  6.78714  8.20501  1.41787 2346.03 43
33    3392     0.6   0.0766604  0.0766604  0.3800  7.68213  0.346154  6.78714  8.20501  1.41787 2346.03 73
33    3392     0.6   0.0766604  0.0766604  0.3800  7.68213  0.346154  6.78714  8.20501  1.41787 2346.03 0
36    3692     0.6   0.0766604  0.0766604  0.3800  7.68213  0.346154  6.78714  8.20501  1.41787 2346.03 97
36    3692     0.6   0.0766604  0.0766604  0.3800  7.68213  0.346154  6.78714  8.20501  1.41787 2346.03 0
41    4122     0.7   0.0766604  0.0766604  0.3800  7.68213  0.346154  6.78714  8.20501  1.41787 2346.03 147
41    4122     0.7   0.0766604  0.0766604  0.3800  7.68213  0.346154  6.78714  8.20501  1.41787 2346.03 0
41    4144     0.7   0.0766604  0.0766604  0.3800  7.68213  0.346154  6.78714  8.20501  1.41787 2346.03 10
41    4144     0.7   0.0766604  0.0766604  0.3800  7.68213  0.346154  6.78714  8.20501  1.41787 2346.03 0
42    4214     0.7   0.0766604  0.0766604  0.3800  7.68213  0.346154  6.78714  8.20501  1.41787 2346.03 19
42    4214     0.7   0.0766604  0.0766604  0.3800  7.68213  0.346154  6.78714  8.20501  1.41787 2346.03 0
43    4392     0.7   0.0766604  0.0766604  0.3800  7.68213  0.346154  6.78714  8.20501  1.41787 2346.03 55
43    4392     0.7   0.0766604  0.0766604  0.3800  7.68213  0.346154  6.78714  8.20501  1.41787 2346.03 0
44    4405     0.7   0.0766604  0.0766604  0.3800  7.68213  0.346154  6.78714  8.20501  1.41787 2346.03 3
44    4491     0.8   0.0766604  0.0766604  0.3800  7.68213  0.346154  6.78714  8.20501  1.41787 2346.03 39
44    4491     0.8   0.0766604  0.0766604  0.3800  7.68213  0.346154  6.78714  8.20501  1.41787 2346.03 0
45    4583     0.8   0.0766604  0.0766604  0.3800  7.68213  0.346154  6.78714  8.20501  1.41787 2346.03 34
45    4583     0.8   0.0766604  0.0766604  0.3800  7.68213  0.346154  6.78714  8.20501  1.41787 2346.03 0
53    5383     0.9   0.0766604  0.0766604  0.3800  7.68213  0.346154  6.78714  8.20501  1.41787 2346.03 298
53    5383     0.9   0.0766604  0.0766604  0.3800  7.68213  0.346154  6.78714  8.20501  1.41787 2346.03 0
54    5423     0.9   0.0766604  0.0766604  0.3800  7.68213  0.346154  6.78714  8.20501  1.41787 2346.03 11
54    5423     0.9   0.0766604  0.0766604  0.3800  7.68213  0.346154  6.78714  8.20501  1.41787 2346.03 0
55    5500     0.9   0.0766604  0.0766604  0.3800  7.68213  0.346154  6.78714  8.20501  1.41787 2346.03 35
56    5644     0.9   0.0766604  0.0766604  0.3800  7.68213  0.346154  6.78714  8.20501  1.41787 2346.03 95
56    5644     0.9   0.0766604  0.0766604  0.3800  7.68213  0.346154  6.78714  8.20501  1.41787 2346.03 0
60    6080     1.0   0.0766604  0.0766604  0.3800  7.68213  0.346154  6.78714  8.20501  1.41787 2346.03 158
60    6080     1.0   0.0766604  0.0766604  0.3800  7.68213  0.346154  6.78714  8.20501  1.41787 2346.03 0
62    6253     1.0   0.0766604  0.0766604  0.3800  7.68213  0.346154  6.78714  8.20501  1.41787 2346.03 67
62    6253     1.0   0.0768786  0.0768786  0.3400  7.72038  0.477811  6.11485  8.50824  2.39339 2319.3 0
62    6256     1.0   0.0768786  0.0768786  0.3400  7.72038  0.477811  6.11485  8.50824  2.39339 2319.3 1
62    6256     1.0   0.0768786  0.0768786  0.3400  7.72038  0.477811  6.11485  8.50824  2.39339 2319.3 0
62    6285     1.0   0.0768786  0.0768786  0.3400  7.72038  0.477811  6.11485  8.50824  2.39339 2319.3 12
62    6285     1.0   0.0768786  0.0768786  0.3400  7.72038  0.477811  6.11485  8.50824  2.39339 2319.3 0
62    6303     1.0   0.0768786  0.0768786  0.3400  7.72038  0.477811  6.11485  8.50824  2.39339 2319.3 8
62    6303     1.0   0.0768786  0.0768786  0.3400  7.72038  0.477811  6.11485  8.50824  2.39339 2319.3 0
66    6601     1.1   0.0768786  0.0768786  0.3400  7.72038  0.477811  6.11485  8.50824  2.39339 2319.3 96
67    6744     1.1   0.0768786  0.0768786  0.3400  7.72038  0.477811  6.11485  8.50824  2.39339 2319.3 145
67    6744     1.1   0.0768786  0.0768786  0.3400  7.72038  0.477811  6.11485  8.50824  2.39339 2319.3 0
67    6774     1.1   0.0768786  0.0768786  0.3400  7.72038  0.477811  6.11485  8.50824  2.39339 2319.3 10
67    6774     1.1   0.0768786  0.0768786  0.3400  7.72038  0.477811  6.11485  8.50824  2.39339 2319.3 0
71    7186     1.2   0.0768786  0.0768786  0.3400  7.72038  0.477811  6.11485  8.50824  2.39339 2319.3 141
71    7186     1.2   0.0768786  0.0768786  0.3400  7.72038  0.477811  6.11485  8.50824  2.39339 2319.3 0
71    7208     1.2   0.0768786  0.0768786  0.3400  7.72038  0.477811  6.11485  8.50824  2.39339 2319.3 4
71    7208     1.2   0.0768786  0.0768786  0.3400  7.72038  0.477811  6.11485  8.50824  2.39339 2319.3 0
72    7228     1.2   0.0768786  0.0768786  0.3400  7.72038  0.477811  6.11485  8.50824  2.39339 2319.3 7
72    7228     1.2   0.0768786  0.0768786  0.3400  7.72038  0.477811  6.11485  8.50824  2.39339 2319.3 0
72    7252     1.2   0.0768786  0.0768786  0.3400  7.72038  0.477811  6.11485  8.50824  2.39339 2319.3 9
72    7252     1.2   0.0768786  0.0768786  0.3400  7.72038  0.477811  6.11485  8.50824  2.39339 2319.3 0
75    7591     1.2   0.0768786  0.0768786  0.3400  7.72038  0.477811  6.11485  8.50824  2.39339 2319.3 131
75    7591     1.2   0.0768786  0.0768786  0.3400  7.72038  0.477811  6.11485  8.50824  2.39339 2319.3 0
77    7701     1.3   0.0768786  0.0768786  0.3400  7.72038  0.477811  6.11485  8.50824  2.39339 2319.3 32
81    8188     1.4   0.0768786  0.0768786  0.3400  7.72038  0.477811  6.11485  8.50824  2.39339 2319.3 191
81    8188     1.4   0.0768786  0.0768786  0.3400  7.72038  0.477811  6.11485  8.50824  2.39339 2319.3 0
87    8774     1.4   0.0768786  0.0768786  0.3400  7.72038  0.477811  6.11485  8.50824  2.39339 2319.3 203
87    8774     1.4   0.0768786  0.0768786  0.3400  7.72038  0.477811  6.11485  8.50824  2.39339 2319.3 0
88    8800     1.4   0.0768786  0.0768786  0.3400  7.72038  0.477811  6.11485  8.50824  2.39339 2319.3 12
88    8821     1.4   0.0768786  0.0768786  0.3400  7.72038  0.477811  6.11485  8.50824  2.39339 2319.3 21
88    8821     1.4   0.0768786  0.0768786  0.3400  7.72038  0.477811  6.11485  8.50824  2.39339 2319.3 0
88    8851     1.5   0.0768786  0.0768786  0.3400  7.72038  0.477811  6.11485  8.50824  2.39339 2319.3 11
88    8851     1.5   0.0768786  0.0768786  0.3400  7.72038  0.477811  6.11485  8.50824  2.39339 2319.3 0
88    8852     1.5   0.0768786  0.0768786  0.3400  7.72038  0.477811  6.11485  8.50824  2.39339 2319.3 0
88    8852     1.5   0.0768786  0.0768786  0.3400  7.72038  0.477811  6.11485  8.50824  2.39339 2319.3 0
92    9254     1.5   0.0768786  0.0768786  0.3400  7.72038  0.477811  6.11485  8.50824  2.39339 2319.3 145
92    9254     1.5   0.0768786  0.0768786  0.3400  7.72038  0.477811  6.11485  8.50824  2.39339 2319.3 0
93    9303     1.5   0.0768786  0.0768786  0.3400  7.72038  0.477811  6.11485  8.50824  2.39339 2319.3 14
93    9303     1.5   0.0768786  0.0768786  0.3400  7.72038  0.477811  6.11485  8.50824  2.39339 2319.3 0
98    9818     1.6   0.0768786  0.0768786  0.3400  7.72038  0.477811  6.11485  8.50824  2.39339 2319.3 173
98    9818     1.6   0.0768786  0.0768786  0.3400  7.72038  0.477811  6.11485  8.50824  2.39339 2319.3 0
99    9900     1.6   0.0768786  0.0768786  0.3400  7.72038  0.477811  6.11485  8.50824  2.39339 2319.3 20
99   10000     1.6   0.0768786  0.0768786  0.3400  7.72038  0.477811  6.11485  8.50824  2.39339 2319.3 47
EndUpdateLog

Done
